<?xml version="1.0" encoding="UTF-8"?>
<testng-results ignored="0" total="4" passed="4" failed="0" skipped="0">
  <reporter-output>
  </reporter-output>
  <suite started-at="2025-07-29T11:31:45 IST" name="Suite" finished-at="2025-07-29T11:31:45 IST" duration-ms="127">
    <groups>
    </groups>
    <test started-at="2025-07-29T11:31:45 IST" name="Test" finished-at="2025-07-29T11:31:45 IST" duration-ms="127">
      <class name="Pac2.OrgTest">
        <test-method signature="CreateContact()[pri:0, instance:Pac2.OrgTest@49c386c8]" started-at="2025-07-29T11:31:45 IST" name="CreateContact" finished-at="2025-07-29T11:31:45 IST" duration-ms="4" status="PASS">
          <reporter-output>
          </reporter-output>
        </test-method> <!-- CreateContact -->
        <test-method signature="ModifyOrg()[pri:0, instance:Pac2.OrgTest@49c386c8]" started-at="2025-07-29T11:31:45 IST" name="ModifyOrg" finished-at="2025-07-29T11:31:45 IST" duration-ms="1" status="PASS">
          <reporter-output>
          </reporter-output>
        </test-method> <!-- ModifyOrg -->
      </class> <!-- Pac2.OrgTest -->
      <class name="Pac1.ContactTest">
        <test-method signature="CreateContact()[pri:0, instance:Pac1.ContactTest@5e316c74]" started-at="2025-07-29T11:31:45 IST" name="CreateContact" finished-at="2025-07-29T11:31:45 IST" duration-ms="17" status="PASS">
          <reporter-output>
          </reporter-output>
        </test-method> <!-- CreateContact -->
        <test-method signature="ModifyContact()[pri:0, instance:Pac1.ContactTest@5e316c74]" started-at="2025-07-29T11:31:45 IST" name="ModifyContact" finished-at="2025-07-29T11:31:45 IST" duration-ms="0" status="PASS">
          <reporter-output>
          </reporter-output>
        </test-method> <!-- ModifyContact -->
      </class> <!-- Pac1.ContactTest -->
    </test> <!-- Test -->
  </suite> <!-- Suite -->
</testng-results>
