<?xml version="1.0" encoding="UTF-8"?>
<!-- Generated by org.testng.reporters.JUnitXMLReporter -->
<testsuite ignored="0" hostname="LAPTOP-EETDBIMU" failures="0" tests="4" name="Test" time="0.127" errors="0" timestamp="2025-07-29T11:31:45 IST">
  <testcase classname="Pac1.ContactTest" name="CreateContact" time="0.017"/>
  <testcase classname="Pac1.ContactTest" name="ModifyContact" time="0.0"/>
  <testcase classname="Pac2.OrgTest" name="CreateContact" time="0.004"/>
  <testcase classname="Pac2.OrgTest" name="ModifyOrg" time="0.001"/>
</testsuite> <!-- Test -->
